<?xml version="1.0" encoding="UTF-8"?>
<!-- Generated by org.testng.reporters.JUnitXMLReporter -->
<testsuite ignored="1" hostname="LAPTOP-EPH5CKEJ" failures="0" tests="11" name="build_1 results" time="10.945" errors="0" timestamp="18 Jun 2018 02:26:07 GMT">
  <testcase classname="TestNG_Progs.CollegeWeekLive" name="f" time="2.941"/>
  <testcase classname="TestNG_Progs.Enabledtest" name="f" time="0.012"/>
  <testcase classname="TestNG_Progs.Enabledtest" name="g" time="0.002"/>
  <testcase classname="TestNG_Progs.Enabledtest" name="r" time="0.002"/>
  <testcase classname="TestNG_Progs.FirstProg" name="f" time="0.003"/>
  <testcase classname="TestNG_Progs.FirstProg" name="login" time="0.003"/>
  <testcase classname="TestNG_Progs.FirstProg" name="logout" time="0.002"/>
  <testcase classname="TestNG_Progs.FirstProg" name="sendmail" time="0.001"/>
  <testcase classname="TestNG_Progs.secondprog" name="f" time="0.001"/>
  <testcase classname="TestNG_Progs.Thirdprog" name="f" time="0.003"/>
  <testcase classname="TestNG_Progs.Thirdprog" name="g" time="0.001"/>
  <testcase classname="TestNG_Progs.Enabledtest" name="uoib" time="0.0">
    <ignored/>
  </testcase> <!-- uoib -->
</testsuite> <!-- build_1 results -->
