<?xml version="1.0" encoding="UTF-8"?>
<!-- Generated by org.testng.reporters.JUnitXMLReporter -->
<testsuite ignored="0" hostname="LAPTOP-EPH5CKEJ" failures="0" tests="1" name="internetexplorer results(failed)(failed)" time="0.071" errors="0" timestamp="18 Jun 2018 04:14:18 GMT">
  <testcase classname="TestNG_Progs.crosstesting" name="@BeforeClass beforeClass" time="0.028">
    <failure type="java.lang.NullPointerException">
      <![CDATA[java.lang.NullPointerException
at TestNG_Progs.crosstesting.beforeClass(crosstesting.java:61)
... Removed 26 stack frames]]>
    </failure>
  </testcase> <!-- @BeforeClass beforeClass -->
  <testcase classname="TestNG_Progs.crosstesting" name="@AfterClass afterClass" time="0.0">
    <skipped/>
  </testcase> <!-- @AfterClass afterClass -->
  <testcase classname="TestNG_Progs.crosstesting" name="f" time="0.0">
    <skipped/>
  </testcase> <!-- f -->
</testsuite> <!-- internetexplorer results(failed)(failed) -->
