<?xml version="1.0" encoding="UTF-8"?>
<testng-results ignored="0" total="15" passed="15" failed="0" skipped="0">
  <reporter-output>
  </reporter-output>
  <suite started-at="2018-06-18T22:50:08Z" name="crossbroswertesting" finished-at="2018-06-18T22:56:06Z" duration-ms="358317">
    <groups>
    </groups>
    <test started-at="2018-06-18T22:50:08Z" name="chrome results" finished-at="2018-06-18T22:50:37Z" duration-ms="29465">
      <class name="TestNG_Progs.crosstesting">
        <test-method is-config="true" signature="beforeClass(java.lang.String)[pri:0, instance:TestNG_Progs.crosstesting@662b4c69]" started-at="2018-06-18T22:50:08Z" name="beforeClass" finished-at="2018-06-18T22:50:22Z" duration-ms="14257" status="PASS">
          <params>
            <param index="0">
              <value>
                <![CDATA[chrome]]>
              </value>
            </param>
          </params>
          <reporter-output>
          </reporter-output>
        </test-method> <!-- beforeClass -->
        <test-method signature="f()[pri:0, instance:TestNG_Progs.crosstesting@662b4c69]" started-at="2018-06-18T22:50:22Z" name="f" finished-at="2018-06-18T22:50:24Z" duration-ms="2052" status="PASS">
          <reporter-output>
          </reporter-output>
        </test-method> <!-- f -->
        <test-method is-config="true" signature="afterClass()[pri:0, instance:TestNG_Progs.crosstesting@662b4c69]" started-at="2018-06-18T22:50:24Z" name="afterClass" finished-at="2018-06-18T22:50:25Z" duration-ms="735" status="PASS">
          <reporter-output>
          </reporter-output>
        </test-method> <!-- afterClass -->
      </class> <!-- TestNG_Progs.crosstesting -->
      <class name="TestNG_Progs.FirstProg">
        <test-method is-config="true" signature="beforeClass(java.lang.String)[pri:0, instance:TestNG_Progs.FirstProg@fa49800]" started-at="2018-06-18T22:50:25Z" name="beforeClass" finished-at="2018-06-18T22:50:36Z" duration-ms="11652" status="PASS">
          <params>
            <param index="0">
              <value>
                <![CDATA[chrome]]>
              </value>
            </param>
          </params>
          <reporter-output>
          </reporter-output>
        </test-method> <!-- beforeClass -->
        <test-method signature="f()[pri:0, instance:TestNG_Progs.FirstProg@fa49800]" started-at="2018-06-18T22:50:36Z" name="f" finished-at="2018-06-18T22:50:36Z" duration-ms="8" status="PASS">
          <reporter-output>
          </reporter-output>
        </test-method> <!-- f -->
        <test-method signature="login()[pri:0, instance:TestNG_Progs.FirstProg@fa49800]" started-at="2018-06-18T22:50:36Z" name="login" finished-at="2018-06-18T22:50:36Z" duration-ms="4" status="PASS">
          <reporter-output>
          </reporter-output>
        </test-method> <!-- login -->
        <test-method signature="logout()[pri:0, instance:TestNG_Progs.FirstProg@fa49800]" started-at="2018-06-18T22:50:36Z" name="logout" finished-at="2018-06-18T22:50:36Z" duration-ms="4" status="PASS">
          <reporter-output>
          </reporter-output>
        </test-method> <!-- logout -->
        <test-method signature="sendmail()[pri:0, instance:TestNG_Progs.FirstProg@fa49800]" started-at="2018-06-18T22:50:36Z" name="sendmail" finished-at="2018-06-18T22:50:36Z" duration-ms="3" status="PASS">
          <reporter-output>
          </reporter-output>
        </test-method> <!-- sendmail -->
        <test-method is-config="true" signature="afterClass()[pri:0, instance:TestNG_Progs.FirstProg@fa49800]" started-at="2018-06-18T22:50:36Z" name="afterClass" finished-at="2018-06-18T22:50:37Z" duration-ms="703" status="PASS">
          <reporter-output>
          </reporter-output>
        </test-method> <!-- afterClass -->
      </class> <!-- TestNG_Progs.FirstProg -->
    </test> <!-- chrome results -->
    <test started-at="2018-06-18T22:50:37Z" name="firefox results" finished-at="2018-06-18T22:51:15Z" duration-ms="37761">
      <class name="TestNG_Progs.crosstesting">
        <test-method is-config="true" signature="beforeClass(java.lang.String)[pri:0, instance:TestNG_Progs.crosstesting@614ca7df]" started-at="2018-06-18T22:50:37Z" name="beforeClass" finished-at="2018-06-18T22:50:53Z" duration-ms="15542" status="PASS">
          <params>
            <param index="0">
              <value>
                <![CDATA[firefox]]>
              </value>
            </param>
          </params>
          <reporter-output>
          </reporter-output>
        </test-method> <!-- beforeClass -->
        <test-method signature="f()[pri:0, instance:TestNG_Progs.crosstesting@614ca7df]" started-at="2018-06-18T22:50:53Z" name="f" finished-at="2018-06-18T22:50:56Z" duration-ms="3158" status="PASS">
          <reporter-output>
          </reporter-output>
        </test-method> <!-- f -->
        <test-method is-config="true" signature="afterClass()[pri:0, instance:TestNG_Progs.crosstesting@614ca7df]" started-at="2018-06-18T22:50:56Z" name="afterClass" finished-at="2018-06-18T22:50:57Z" duration-ms="1509" status="PASS">
          <reporter-output>
          </reporter-output>
        </test-method> <!-- afterClass -->
      </class> <!-- TestNG_Progs.crosstesting -->
      <class name="TestNG_Progs.FirstProg">
        <test-method is-config="true" signature="beforeClass(java.lang.String)[pri:0, instance:TestNG_Progs.FirstProg@4738a206]" started-at="2018-06-18T22:50:57Z" name="beforeClass" finished-at="2018-06-18T22:51:13Z" duration-ms="15887" status="PASS">
          <params>
            <param index="0">
              <value>
                <![CDATA[firefox]]>
              </value>
            </param>
          </params>
          <reporter-output>
          </reporter-output>
        </test-method> <!-- beforeClass -->
        <test-method signature="f()[pri:0, instance:TestNG_Progs.FirstProg@4738a206]" started-at="2018-06-18T22:51:13Z" name="f" finished-at="2018-06-18T22:51:13Z" duration-ms="1" status="PASS">
          <reporter-output>
          </reporter-output>
        </test-method> <!-- f -->
        <test-method signature="login()[pri:0, instance:TestNG_Progs.FirstProg@4738a206]" started-at="2018-06-18T22:51:13Z" name="login" finished-at="2018-06-18T22:51:13Z" duration-ms="2" status="PASS">
          <reporter-output>
          </reporter-output>
        </test-method> <!-- login -->
        <test-method signature="logout()[pri:0, instance:TestNG_Progs.FirstProg@4738a206]" started-at="2018-06-18T22:51:13Z" name="logout" finished-at="2018-06-18T22:51:13Z" duration-ms="1" status="PASS">
          <reporter-output>
          </reporter-output>
        </test-method> <!-- logout -->
        <test-method signature="sendmail()[pri:0, instance:TestNG_Progs.FirstProg@4738a206]" started-at="2018-06-18T22:51:13Z" name="sendmail" finished-at="2018-06-18T22:51:13Z" duration-ms="1" status="PASS">
          <reporter-output>
          </reporter-output>
        </test-method> <!-- sendmail -->
        <test-method is-config="true" signature="afterClass()[pri:0, instance:TestNG_Progs.FirstProg@4738a206]" started-at="2018-06-18T22:51:13Z" name="afterClass" finished-at="2018-06-18T22:51:15Z" duration-ms="1637" status="PASS">
          <reporter-output>
          </reporter-output>
        </test-method> <!-- afterClass -->
      </class> <!-- TestNG_Progs.FirstProg -->
    </test> <!-- firefox results -->
    <test started-at="2018-06-18T22:51:15Z" name="ie results1.1" finished-at="2018-06-18T22:56:06Z" duration-ms="290961">
      <class name="TestNG_Progs.crosstesting">
        <test-method is-config="true" signature="beforeClass(java.lang.String)[pri:0, instance:TestNG_Progs.crosstesting@543588e6]" started-at="2018-06-18T22:51:15Z" name="beforeClass" finished-at="2018-06-18T22:51:23Z" duration-ms="7893" status="PASS">
          <params>
            <param index="0">
              <value>
                <![CDATA[ie]]>
              </value>
            </param>
          </params>
          <reporter-output>
          </reporter-output>
        </test-method> <!-- beforeClass -->
        <test-method signature="f()[pri:0, instance:TestNG_Progs.crosstesting@543588e6]" started-at="2018-06-18T22:51:23Z" name="f" finished-at="2018-06-18T22:56:00Z" duration-ms="276795" status="PASS">
          <reporter-output>
          </reporter-output>
        </test-method> <!-- f -->
        <test-method is-config="true" signature="afterClass()[pri:0, instance:TestNG_Progs.crosstesting@543588e6]" started-at="2018-06-18T22:56:00Z" name="afterClass" finished-at="2018-06-18T22:56:00Z" duration-ms="534" status="PASS">
          <reporter-output>
          </reporter-output>
        </test-method> <!-- afterClass -->
      </class> <!-- TestNG_Progs.crosstesting -->
      <class name="TestNG_Progs.FirstProg">
        <test-method is-config="true" signature="beforeClass(java.lang.String)[pri:0, instance:TestNG_Progs.FirstProg@f5acb9d]" started-at="2018-06-18T22:56:00Z" name="beforeClass" finished-at="2018-06-18T22:56:05Z" duration-ms="5159" status="PASS">
          <params>
            <param index="0">
              <value>
                <![CDATA[ie]]>
              </value>
            </param>
          </params>
          <reporter-output>
          </reporter-output>
        </test-method> <!-- beforeClass -->
        <test-method signature="f()[pri:0, instance:TestNG_Progs.FirstProg@f5acb9d]" started-at="2018-06-18T22:56:05Z" name="f" finished-at="2018-06-18T22:56:05Z" duration-ms="2" status="PASS">
          <reporter-output>
          </reporter-output>
        </test-method> <!-- f -->
        <test-method signature="login()[pri:0, instance:TestNG_Progs.FirstProg@f5acb9d]" started-at="2018-06-18T22:56:05Z" name="login" finished-at="2018-06-18T22:56:05Z" duration-ms="4" status="PASS">
          <reporter-output>
          </reporter-output>
        </test-method> <!-- login -->
        <test-method signature="logout()[pri:0, instance:TestNG_Progs.FirstProg@f5acb9d]" started-at="2018-06-18T22:56:05Z" name="logout" finished-at="2018-06-18T22:56:05Z" duration-ms="3" status="PASS">
          <reporter-output>
          </reporter-output>
        </test-method> <!-- logout -->
        <test-method signature="sendmail()[pri:0, instance:TestNG_Progs.FirstProg@f5acb9d]" started-at="2018-06-18T22:56:05Z" name="sendmail" finished-at="2018-06-18T22:56:05Z" duration-ms="2" status="PASS">
          <reporter-output>
          </reporter-output>
        </test-method> <!-- sendmail -->
        <test-method is-config="true" signature="afterClass()[pri:0, instance:TestNG_Progs.FirstProg@f5acb9d]" started-at="2018-06-18T22:56:05Z" name="afterClass" finished-at="2018-06-18T22:56:06Z" duration-ms="552" status="PASS">
          <reporter-output>
          </reporter-output>
        </test-method> <!-- afterClass -->
      </class> <!-- TestNG_Progs.FirstProg -->
    </test> <!-- ie results1.1 -->
  </suite> <!-- crossbroswertesting -->
</testng-results>
