<?xml version="1.0" encoding="UTF-8"?>
<!-- Generated by org.testng.reporters.JUnitXMLReporter -->
<testsuite ignored="0" hostname="LAPTOP-EPH5CKEJ" failures="0" tests="5" name="chrome results" time="29.465" errors="0" timestamp="18 Jun 2018 22:50:37 GMT">
  <testcase classname="TestNG_Progs.crosstesting" name="f" time="2.052"/>
  <testcase classname="TestNG_Progs.FirstProg" name="f" time="0.008"/>
  <testcase classname="TestNG_Progs.FirstProg" name="login" time="0.004"/>
  <testcase classname="TestNG_Progs.FirstProg" name="logout" time="0.004"/>
  <testcase classname="TestNG_Progs.FirstProg" name="sendmail" time="0.003"/>
</testsuite> <!-- chrome results -->
