<?xml version="1.0" encoding="UTF-8"?>
<!-- Generated by org.testng.reporters.JUnitXMLReporter -->
<testsuite ignored="0" hostname="LAPTOP-EPH5CKEJ" failures="0" tests="5" name="firefox results" time="37.761" errors="0" timestamp="18 Jun 2018 22:51:15 GMT">
  <testcase classname="TestNG_Progs.crosstesting" name="f" time="3.158"/>
  <testcase classname="TestNG_Progs.FirstProg" name="f" time="0.001"/>
  <testcase classname="TestNG_Progs.FirstProg" name="login" time="0.002"/>
  <testcase classname="TestNG_Progs.FirstProg" name="logout" time="0.001"/>
  <testcase classname="TestNG_Progs.FirstProg" name="sendmail" time="0.001"/>
</testsuite> <!-- firefox results -->
