<?xml version="1.0" encoding="UTF-8"?>
<!-- Generated by org.testng.reporters.JUnitXMLReporter -->
<testsuite ignored="0" hostname="LAPTOP-EPH5CKEJ" failures="0" tests="5" name="ie results1.1" time="290.961" errors="0" timestamp="18 Jun 2018 22:56:06 GMT">
  <testcase classname="TestNG_Progs.crosstesting" name="f" time="276.795"/>
  <testcase classname="TestNG_Progs.FirstProg" name="f" time="0.002"/>
  <testcase classname="TestNG_Progs.FirstProg" name="login" time="0.004"/>
  <testcase classname="TestNG_Progs.FirstProg" name="logout" time="0.003"/>
  <testcase classname="TestNG_Progs.FirstProg" name="sendmail" time="0.002"/>
</testsuite> <!-- ie results1.1 -->
